C:\Users\Senior MIS\source\repos\AngularCrud\CRUDAPIwithAspCore\dist\out-tsc\app\department\department.component.js
C:\Users\Senior MIS\source\repos\AngularCrud\CRUDAPIwithAspCore\dist\out-tsc\app\department\department.component.js.map
C:\Users\Senior MIS\source\repos\AngularCrud\CRUDAPIwithAspCore\dist\out-tsc\app\employee\employee.component.js
C:\Users\Senior MIS\source\repos\AngularCrud\CRUDAPIwithAspCore\dist\out-tsc\app\employee\employee.component.js.map
C:\Users\Senior MIS\source\repos\AngularCrud\CRUDAPIwithAspCore\dist\out-tsc\app\app-routing.module.js
C:\Users\Senior MIS\source\repos\AngularCrud\CRUDAPIwithAspCore\dist\out-tsc\app\app-routing.module.js.map
C:\Users\Senior MIS\source\repos\AngularCrud\CRUDAPIwithAspCore\dist\out-tsc\app\app.component.js
C:\Users\Senior MIS\source\repos\AngularCrud\CRUDAPIwithAspCore\dist\out-tsc\app\app.component.js.map
C:\Users\Senior MIS\source\repos\AngularCrud\CRUDAPIwithAspCore\dist\out-tsc\app\department\show-dept\show-dept.component.js
C:\Users\Senior MIS\source\repos\AngularCrud\CRUDAPIwithAspCore\dist\out-tsc\app\department\show-dept\show-dept.component.js.map
C:\Users\Senior MIS\source\repos\AngularCrud\CRUDAPIwithAspCore\dist\out-tsc\app\department\add-edit-dept\add-edit-dept.component.js
C:\Users\Senior MIS\source\repos\AngularCrud\CRUDAPIwithAspCore\dist\out-tsc\app\department\add-edit-dept\add-edit-dept.component.js.map
C:\Users\Senior MIS\source\repos\AngularCrud\CRUDAPIwithAspCore\dist\out-tsc\app\employee\show-emp\show-emp.component.js
C:\Users\Senior MIS\source\repos\AngularCrud\CRUDAPIwithAspCore\dist\out-tsc\app\employee\show-emp\show-emp.component.js.map
C:\Users\Senior MIS\source\repos\AngularCrud\CRUDAPIwithAspCore\dist\out-tsc\app\employee\add-edit-emp\add-edit-emp.component.js
C:\Users\Senior MIS\source\repos\AngularCrud\CRUDAPIwithAspCore\dist\out-tsc\app\employee\add-edit-emp\add-edit-emp.component.js.map
C:\Users\Senior MIS\source\repos\AngularCrud\CRUDAPIwithAspCore\dist\out-tsc\app\shared-service.service.js
C:\Users\Senior MIS\source\repos\AngularCrud\CRUDAPIwithAspCore\dist\out-tsc\app\shared-service.service.js.map
C:\Users\Senior MIS\source\repos\AngularCrud\CRUDAPIwithAspCore\dist\out-tsc\app\app.module.js
C:\Users\Senior MIS\source\repos\AngularCrud\CRUDAPIwithAspCore\dist\out-tsc\app\app.module.js.map
C:\Users\Senior MIS\source\repos\AngularCrud\CRUDAPIwithAspCore\dist\out-tsc\environments\environment.js
C:\Users\Senior MIS\source\repos\AngularCrud\CRUDAPIwithAspCore\dist\out-tsc\environments\environment.js.map
C:\Users\Senior MIS\source\repos\AngularCrud\CRUDAPIwithAspCore\dist\out-tsc\main.js
C:\Users\Senior MIS\source\repos\AngularCrud\CRUDAPIwithAspCore\dist\out-tsc\main.js.map
C:\Users\Senior MIS\source\repos\AngularCrud\CRUDAPIwithAspCore\dist\out-tsc\polyfills.js
C:\Users\Senior MIS\source\repos\AngularCrud\CRUDAPIwithAspCore\dist\out-tsc\polyfills.js.map
C:\Users\Senior MIS\source\repos\AngularCrud\CRUDAPIwithAspCore\dist\out-tsc\test.js
C:\Users\Senior MIS\source\repos\AngularCrud\CRUDAPIwithAspCore\dist\out-tsc\test.js.map
C:\Users\Senior MIS\source\repos\AngularCrud\CRUDAPIwithAspCore\dist\out-tsc\app\app.component.spec.js
C:\Users\Senior MIS\source\repos\AngularCrud\CRUDAPIwithAspCore\dist\out-tsc\app\app.component.spec.js.map
C:\Users\Senior MIS\source\repos\AngularCrud\CRUDAPIwithAspCore\dist\out-tsc\app\shared-service.service.spec.js
C:\Users\Senior MIS\source\repos\AngularCrud\CRUDAPIwithAspCore\dist\out-tsc\app\shared-service.service.spec.js.map
C:\Users\Senior MIS\source\repos\AngularCrud\CRUDAPIwithAspCore\dist\out-tsc\app\department\department.component.spec.js
C:\Users\Senior MIS\source\repos\AngularCrud\CRUDAPIwithAspCore\dist\out-tsc\app\department\department.component.spec.js.map
C:\Users\Senior MIS\source\repos\AngularCrud\CRUDAPIwithAspCore\dist\out-tsc\app\department\add-edit-dept\add-edit-dept.component.spec.js
C:\Users\Senior MIS\source\repos\AngularCrud\CRUDAPIwithAspCore\dist\out-tsc\app\department\add-edit-dept\add-edit-dept.component.spec.js.map
C:\Users\Senior MIS\source\repos\AngularCrud\CRUDAPIwithAspCore\dist\out-tsc\app\department\show-dept\show-dept.component.spec.js
C:\Users\Senior MIS\source\repos\AngularCrud\CRUDAPIwithAspCore\dist\out-tsc\app\department\show-dept\show-dept.component.spec.js.map
C:\Users\Senior MIS\source\repos\AngularCrud\CRUDAPIwithAspCore\dist\out-tsc\app\employee\employee.component.spec.js
C:\Users\Senior MIS\source\repos\AngularCrud\CRUDAPIwithAspCore\dist\out-tsc\app\employee\employee.component.spec.js.map
C:\Users\Senior MIS\source\repos\AngularCrud\CRUDAPIwithAspCore\dist\out-tsc\app\employee\add-edit-emp\add-edit-emp.component.spec.js
C:\Users\Senior MIS\source\repos\AngularCrud\CRUDAPIwithAspCore\dist\out-tsc\app\employee\add-edit-emp\add-edit-emp.component.spec.js.map
C:\Users\Senior MIS\source\repos\AngularCrud\CRUDAPIwithAspCore\dist\out-tsc\app\employee\show-emp\show-emp.component.spec.js
C:\Users\Senior MIS\source\repos\AngularCrud\CRUDAPIwithAspCore\dist\out-tsc\app\employee\show-emp\show-emp.component.spec.js.map
C:\Users\Senior MIS\source\repos\AngularCrud\CRUDAPIwithAspCore\dist\out-tsc\environments\environment.prod.js
C:\Users\Senior MIS\source\repos\AngularCrud\CRUDAPIwithAspCore\dist\out-tsc\environments\environment.prod.js.map
